Generating claim 17119-42343 for SHIRLEY  ABBOTT on 2020-04-27 23:14.
*** Payer-specific provider insurance number is present but has no type assigned.
*** Error: Insurance information is missing!
*** CMS ID is missing for payer ''.
*** This claim has no charges!

Generating claim 5000-42349 for DONALD  AARDEMA on 2020-05-13 05:17.
*** Error: Insurance information is missing!
*** CMS ID is missing for payer ''.
*** This claim has no charges!

Generating claim 5000-42349 for DONALD  AARDEMA on 2020-05-13 05:21.
*** Error: Insurance information is missing!
*** CMS ID is missing for payer ''.
*** This claim has no charges!

Generating claim 2959-10000033 for JOE  WILBANKS on 2020-06-03 09:54.
*** Error: Insurance information is missing!
*** CMS ID is missing for payer ''.
*** This claim has no charges!

Generating claim 2959-10000033 for JOE  WILBANKS on 2020-06-03 10:48.
*** Error: Insurance information is missing!
*** CMS ID is missing for payer ''.
*** This claim has no charges!

Generating claim 2959-10000033 for JOE  WILBANKS on 2020-06-03 10:50.
*** Error: Insurance information is missing!
*** CMS ID is missing for payer ''.
*** This claim has no charges!

Generating claim 2959-10000033 for JOE  WILBANKS on 2020-06-03 22:57.

Generating claim 2959-10000033 for JOE  WILBANKS on 2020-06-05 02:58.

Generating claim 2959-10000033 for JOE  WILBANKS on 2020-06-05 03:01.

Generating claim 2959-10000033 for JOE  WILBANKS on 2020-06-05 03:02.

Generating claim 2959-10000033 for JOE  WILBANKS on 2020-06-05 03:24.

Generating claim 2959-10000033 for JOE  WILBANKS on 2020-06-05 04:44.

Generating claim 2959-10000033 for JOE  WILBANKS on 2020-06-05 05:14.

Generating claim 2959-10000033 for JOE  WILBANKS on 2020-06-05 05:23.

Generating claim 2959-10000033 for JOE  WILBANKS on 2020-06-05 05:23.

Generating claim 2959-10000033 for JOE  WILBANKS on 2020-06-05 05:24.

Generating claim 2959-10000033 for JOE  WILBANKS on 2020-06-05 05:29.

Generating claim 2959-10000033 for JOE  WILBANKS on 2020-06-05 05:31.

Generating claim 2959-10000033 for JOE  WILBANKS on 2020-06-05 05:31.

Generating claim 2959-10000033 for JOE  WILBANKS on 2020-06-05 05:34.

Generating claim 2959-10000033 for JOE  WILBANKS on 2020-06-05 05:35.

Generating claim 2959-10000033 for JOE  WILBANKS on 2020-06-05 05:35.

Generating claim 2959-10000033 for JOE  WILBANKS on 2020-06-05 05:35.

Generating claim 2959-10000033 for JOE  WILBANKS on 2020-06-05 05:35.

Generating claim 2959-10000033 for JOE  WILBANKS on 2020-06-05 06:03.

Generating claim 2959-10000033 for JOE  WILBANKS on 2020-06-05 06:04.

Generating claim 2959-10000033 for JOE  WILBANKS on 2020-06-05 06:18.

Generating claim 2959-10000033 for JOE  WILBANKS on 2020-06-05 06:20.

Generating claim 2959-10000033 for JOE  WILBANKS on 2020-06-05 06:34.

Generating claim 2959-10000033 for JOE  WILBANKS on 2020-06-05 06:35.

Generating claim 2959-10000033 for JOE  WILBANKS on 2020-06-05 07:25.

Generating claim 2959-10000033 for JOE  WILBANKS on 2020-06-05 09:37.

Generating claim 2959-10000033 for JOE  WILBANKS on 2020-06-05 09:37.

Generating claim 2959-10000033 for JOE  WILBANKS on 2020-06-05 09:38.

Generating claim 2959-10000033 for JOE  WILBANKS on 2020-06-05 09:51.

Generating claim 2959-10000033 for JOE  WILBANKS on 2020-06-05 09:52.

Generating claim 2959-10000033 for JOE  WILBANKS on 2020-06-05 09:52.

Generating claim 2959-10000033 for JOE  WILBANKS on 2020-06-05 09:53.

Generating claim 2959-10000033 for JOE  WILBANKS on 2020-06-05 10:01.

Generating claim 2959-10000033 for JOE  WILBANKS on 2020-06-05 10:02.

Generating claim 2959-10000033 for JOE  WILBANKS on 2020-06-05 10:02.

Generating claim 2959-10000033 for JOE  WILBANKS on 2020-06-05 10:02.

Generating claim 2959-10000033 for JOE  WILBANKS on 2020-06-05 10:03.

Generating claim 2959-10000033 for JOE  WILBANKS on 2020-06-05 10:03.

Generating claim 2959-10000033 for JOE  WILBANKS on 2020-06-05 10:03.

Generating claim 2959-10000033 for JOE  WILBANKS on 2020-06-05 10:03.

Generating claim 2959-10000033 for JOE  WILBANKS on 2020-06-05 10:03.

Generating claim 2959-10000033 for JOE  WILBANKS on 2020-06-05 10:04.

Generating claim 2959-10000033 for JOE  WILBANKS on 2020-06-05 10:04.

Generating claim 2959-10000033 for JOE  WILBANKS on 2020-06-05 10:04.

Generating claim 2959-10000033 for JOE  WILBANKS on 2020-06-05 10:05.

Generating claim 2959-10000033 for JOE  WILBANKS on 2020-06-05 10:05.

Generating claim 2959-10000033 for JOE  WILBANKS on 2020-06-05 10:11.

Generating claim 2959-10000033 for JOE  WILBANKS on 2020-06-05 10:16.

Generating claim 2959-10000033 for JOE  WILBANKS on 2020-06-05 10:16.

Generating claim 2959-10000033 for JOE  WILBANKS on 2020-06-05 10:17.

Generating claim 2959-10000033 for JOE  WILBANKS on 2020-06-05 10:22.

Generating claim 2959-10000033 for JOE  WILBANKS on 2020-06-05 10:29.

Generating claim 2959-10000033 for JOE  WILBANKS on 2020-06-05 10:30.

Generating claim 2959-10000033 for JOE  WILBANKS on 2020-06-05 10:31.

Generating claim 2959-10000033 for JOE  WILBANKS on 2020-06-05 10:32.

Generating claim 2959-10000033 for JOE  WILBANKS on 2020-06-05 10:32.

Generating claim 2959-10000033 for JOE  WILBANKS on 2020-06-05 10:35.

Generating claim 2959-10000033 for JOE  WILBANKS on 2020-06-05 10:37.

Generating claim 2959-10000033 for JOE  WILBANKS on 2020-06-05 10:38.

Generating claim 2959-10000033 for JOE  WILBANKS on 2020-06-05 10:39.

Generating claim 2959-10000033 for JOE  WILBANKS on 2020-06-05 10:41.

Generating claim 2959-10000033 for JOE  WILBANKS on 2020-06-05 10:43.

Generating claim 2959-10000033 for JOE  WILBANKS on 2020-06-05 10:44.

Generating claim 2959-10000033 for JOE  WILBANKS on 2020-06-05 10:44.

Generating claim 2959-10000033 for JOE  WILBANKS on 2020-06-05 10:52.

Generating claim 2959-10000033 for JOE  WILBANKS on 2020-06-05 10:54.

Generating claim 2959-10000033 for JOE  WILBANKS on 2020-06-05 10:55.

Generating claim 2959-10000033 for JOE  WILBANKS on 2020-06-05 10:57.

Generating claim 2959-10000033 for JOE  WILBANKS on 2020-06-05 10:58.

Generating claim 2959-10000033 for JOE  WILBANKS on 2020-06-08 01:08.

Generating claim 2959-10000033 for JOE  WILBANKS on 2020-06-08 01:47.

Generating claim 2959-10000033 for JOE  WILBANKS on 2020-06-08 01:48.

Generating claim 2959-10000033 for JOE  WILBANKS on 2020-06-08 01:48.

Generating claim 2959-10000033 for JOE  WILBANKS on 2020-06-08 01:48.

Generating claim 2959-10000033 for JOE  WILBANKS on 2020-06-08 01:49.

Generating claim 2959-10000033 for JOE  WILBANKS on 2020-06-08 01:50.

Generating claim 2959-10000033 for JOE  WILBANKS on 2020-06-08 02:22.

Generating claim 2640-10038 for SAMUEL L WHITE on 2020-06-16 06:15.

Generating claim 2640-10038 for SAMUEL L WHITE on 2020-06-16 06:17.

Generating claim 1967-10000158 for LARISA  ABRAMIAN on 2020-06-18 06:38.

Generating claim 106-10000155 for OBIE  ABERCROMBIE on 2020-06-18 07:46.

Generating claim 106-10000155 for OBIE  ABERCROMBIE on 2020-06-18 07:48.

Generating claim 222-10546 for ANNIE  FREEMAN on 2020-06-19 08:13.

Generating claim 222-10546 for ANNIE  FREEMAN on 2020-06-19 08:18.

Generating claim 222-10546 for ANNIE  FREEMAN on 2020-06-19 08:20.

Generating claim 222-10546 for ANNIE  FREEMAN on 2020-06-19 08:21.

Generating claim 222-10546 for ANNIE  FREEMAN on 2020-06-22 07:04.

Generating claim 222-10546 for ANNIE  FREEMAN on 2020-06-22 07:05.

Generating claim 222-10546 for ANNIE  FREEMAN on 2020-06-22 07:10.

Generating claim 222-10546 for ANNIE  FREEMAN on 2020-06-22 07:13.

Generating claim 222-10546 for ANNIE  FREEMAN on 2020-06-23 23:12.

Generating claim 2519-10173 for LEEMAN G BALLEW on 2020-06-24 00:19.

Generating claim 2519-10173 for LEEMAN G BALLEW on 2020-06-24 06:00.

Generating claim 2519-10173 for LEEMAN G BALLEW on 2020-06-24 06:28.

Generating claim 2630-10226 for THOMAS  STREET on 2020-06-25 06:04.

Generating claim 2510-10967 for DONNA  ANDERSON on 2020-06-26 05:13.

Generating claim 2510-10967 for DONNA  ANDERSON on 2020-06-26 07:02.

Generating claim 2510-10967 for DONNA  ANDERSON on 2020-06-30 09:00.

Generating claim 1797-6401 for CARLENE  POSTELL on 2020-06-30 09:31.

Generating claim 1797-6401 for CARLENE  POSTELL on 2020-06-30 09:31.

Generating claim 2496-7817 for CHESTER  FUNKHOUSER on 2020-06-30 09:31.

Generating claim 2891-9405 for KEITH  CRAIN on 2020-07-01 00:36.

Generating claim 2891-9405 for KEITH  CRAIN on 2020-07-01 06:10.

Generating claim 2510-10967 for DONNA  ANDERSON on 2020-07-01 06:12.

Generating claim 2891-9405 for KEITH  CRAIN on 2020-07-01 06:42.

Generating claim 2891-9576 for KEITH  CRAIN on 2020-07-01 06:42.

Generating claim 2510-10967 for DONNA  ANDERSON on 2020-07-01 06:42.

Generating claim 1773-7415 for LILLIE  WATKINS on 2020-07-03 09:47.

Generating claim 2891-9405 for KEITH  CRAIN on 2020-07-03 09:47.

Generating claim 2510-10967 for DONNA  ANDERSON on 2020-07-03 09:47.

Generating claim 2510-10967 for DONNA  ANDERSON on 2020-07-06 04:52.

Generating claim 30092541-234442661 for JUDY L KLEIN on 2020-07-10 06:48.
*** Payer-specific provider insurance number is present but has no type assigned.

Generating claim 30092541-234442661 for JUDY L KLEIN on 2020-07-10 06:49.
*** Payer-specific provider insurance number is present but has no type assigned.

Generating claim 30092541-234442661 for JUDY L KLEIN on 2020-07-10 08:39.
*** Payer-specific provider insurance number is present but has no type assigned.

Generating claim 30092541-234442661 for JUDY L KLEIN on 2020-07-13 09:40.
*** Payer-specific provider insurance number is present but has no type assigned.

Generating claim 30092541-234442661 for JUDY L KLEIN on 2020-07-13 09:44.
*** Payer-specific provider insurance number is present but has no type assigned.

Generating claim 30092541-234442661 for JUDY L KLEIN on 2020-07-14 07:49.
*** Payer-specific provider insurance number is present but has no type assigned.

Generating claim 30092541-234442661 for JUDY L KLEIN on 2020-07-14 08:35.
*** Payer-specific provider insurance number is present but has no type assigned.

Generating claim 32764851-243758801 for ART  OSMIN on 2020-08-12 06:01.

Generating claim 32764851-243758801 for ART  OSMIN on 2020-08-17 05:07.

